<?xml version="1.0" encoding="UTF-8"?>
<!-- Generated by org.testng.reporters.JUnitReportReporter -->
<testsuite hostname="DESKTOP-AHB8CI9" failures="0" tests="1" name="org.example.OrangeLogin" time="19.666" errors="0" timestamp="2023-05-12T10:33:22 IST" skipped="0">
  <testcase classname="org.example.OrangeLogin" name="login" time="19.666"/>
  <system-out/>
</testsuite> <!-- org.example.OrangeLogin -->
